<?xml version="1.0" encoding="UTF-8"?>
<!-- Generated by org.testng.reporters.JUnitReportReporter -->
<testsuite hostname="DESKTOP-T5QLAAF" name="JenkinsLearn.JenkinsLearning" tests="1" failures="0" timestamp="13 Jan 2018 21:15:01 GMT" time="13.593" errors="0">
  <testcase name="jenkinsDemo" time="13.593" classname="JenkinsLearn.JenkinsLearning"/>
</testsuite> <!-- JenkinsLearn.JenkinsLearning -->
